2017-07-04 14:25:35,326 - os.name - Windows 7
2017-07-04 14:25:35,327 - os.arch - amd64
2017-07-04 14:25:35,327 - os.version - 6.1
2017-07-04 14:25:35,327 - java.version - 1.8.0_112
2017-07-04 14:25:35,327 - java.vendor - Oracle Corporation
2017-07-04 14:25:35,327 - java.vendor.url - http://java.oracle.com/
2017-07-04 14:25:35,327 - java.home - C:\Program Files\Java\jre1.8.0_112
2017-07-04 14:25:35,327 - java.vm.specification.name - Java Virtual Machine Specification
2017-07-04 14:25:35,327 - java.vm.specification.vendor - Oracle Corporation
2017-07-04 14:25:35,327 - java.vm.specification.version - 1.8
2017-07-04 14:25:35,327 - java.class.path - D:\downloads\eclipse-cpp-oxygen-M6-win32-x86_64\eclipse\\plugins/org.eclipse.equinox.launcher_1.4.0.v20161219-1356.jar
2017-07-04 14:25:35,327 - java.library.path - D:\downloads\eclipse-cpp-oxygen-M6-win32-x86_64\eclipse;C:\Windows\Sun\Java\bin;C:\Windows\system32;C:\Windows;C:/Program Files/Java/jre1.8.0_112/bin/server;C:/Program Files/Java/jre1.8.0_112/bin;C:/Program Files/Java/jre1.8.0_112/lib/amd64;C:\ProgramData\Oracle\Java\javapath;C:\Program Files (x86)\Intel\iCLS Client\;C:\Program Files\Intel\iCLS Client\;C:\Windows\system32;C:\Windows;C:\Windows\System32\Wbem;C:\Windows\System32\WindowsPowerShell\v1.0\;C:\Program Files\Intel\Intel(R) Management Engine Components\DAL;C:\Program Files (x86)\Intel\Intel(R) Management Engine Components\DAL;C:\Program Files\Intel\Intel(R) Management Engine Components\IPT;C:\Program Files (x86)\Intel\Intel(R) Management Engine Components\IPT;C:\CooCox\CoIDE_V2Beta\gcc\bin;C:\CooCox\CoIDE_V2Beta\bin;C:\cygwin64\;C:\Program Files\PuTTY\;C:\Program Files\Git\cmd;C:\Program Files (x86)\GNU Tools ARM Embedded\5.4 2016q3\bin;D:\downloads\eclipse-cpp-oxygen-M6-win32-x86_64\eclipse;;.
2017-07-04 14:25:35,328 - --------------------------------------
2017-07-04 14:25:35,328 - ## Eclipse Plug-ins Log Information ##
2017-07-04 14:25:35,328 - --------------------------------------
2017-07-04 14:25:35,354 - javax.el - 2.2.0.v201303151357
2017-07-04 14:25:35,355 - javax.servlet - 3.1.0.v201410161800
2017-07-04 14:25:35,357 - javax.servlet.jsp - 2.2.0.v201112011158
2017-07-04 14:25:35,358 - com.sun.el - 2.2.0.v201303151357
2017-07-04 14:25:35,358 - org.apache.commons.logging - 1.1.1.v201101211721
2017-07-04 14:25:35,360 - org.apache.jasper.glassfish - 2.2.2.v201501141630
2017-07-04 14:25:35,365 - org.apache.lucene.analyzers-common - 6.1.0.v20161115-1612
2017-07-04 14:25:35,375 - org.apache.lucene.core - 6.1.0.v20161115-1612
2017-07-04 14:25:35,376 - org.apache.lucene.analyzers-smartcn - 6.1.0.v20161115-1612
2017-07-04 14:25:35,378 - org.apache.lucene.misc - 6.1.0.v20161115-1612
2017-07-04 14:25:35,379 - org.eclipse.equinox.http.jetty - 3.4.0.v20170109-2031
2017-07-04 14:25:35,380 - org.eclipse.equinox.http.registry - 1.1.400.v20150715-1528
2017-07-04 14:25:35,381 - org.eclipse.equinox.http.servlet - 1.4.0.v20170215-1555
2017-07-04 14:25:35,382 - org.eclipse.equinox.jsp.jasper - 1.0.500.v20150119-1358
2017-07-04 14:25:35,383 - org.eclipse.equinox.jsp.jasper.registry - 1.0.300.v20130327-1442
2017-07-04 14:25:35,383 - org.eclipse.help.base - 4.2.100.v20170308-2000
2017-07-04 14:25:35,384 - org.eclipse.help.ui - 4.1.0.v20170305-1652
2017-07-04 14:25:35,386 - org.eclipse.help.webapp - 3.9.0.v20170113-0643
2017-07-04 14:25:35,387 - org.eclipse.jetty.continuation - 9.4.1.v20170120
2017-07-04 14:25:35,388 - org.eclipse.jetty.http - 9.4.1.v20170120
2017-07-04 14:25:35,390 - org.eclipse.jetty.io - 9.4.1.v20170120
2017-07-04 14:25:35,392 - org.eclipse.jetty.security - 9.4.1.v20170120
2017-07-04 14:25:35,395 - org.eclipse.jetty.server - 9.4.1.v20170120
2017-07-04 14:25:35,397 - org.eclipse.jetty.servlet - 9.4.1.v20170120
2017-07-04 14:25:35,399 - org.eclipse.jetty.util - 9.4.1.v20170120
2017-07-04 14:25:35,401 - org.eclipse.core.net - 1.3.0.v20170104-1723
2017-07-04 14:25:35,402 - org.eclipse.equinox.security - 1.2.300.v20161007-1415
2017-07-04 14:25:35,406 - org.eclipse.mylyn.bugzilla.core - 3.22.0.v20161012-2006
2017-07-04 14:25:35,407 - org.eclipse.mylyn.bugzilla.ui - 3.22.0.v20161122-1702
2017-07-04 14:25:35,411 - org.eclipse.andmore.hierarchyviewer - 0.5.0.201605181018
2017-07-04 14:25:35,415 - org.eclipse.sequoyah.device.backward - 2.1.0.N20120718-0509
2017-07-04 14:25:35,415 - org.eclipse.sequoyah.device.framework - 2.1.0.N20120718-0509
2017-07-04 14:25:35,416 - org.eclipse.sequoyah.device.framework.ui - 2.1.0.N20120718-0509
2017-07-04 14:25:35,417 - org.eclipse.sequoyah.device.service.start - 2.1.0.N20120718-0509
2017-07-04 14:25:35,418 - org.eclipse.sequoyah.device.service.stop - 2.1.0.N20120718-0509
2017-07-04 14:25:35,419 - org.eclipse.sequoyah.device.framework.wizard - 2.1.0.N20120718-0509
2017-07-04 14:25:35,422 - org.eclipse.mylyn.tasks.core - 3.22.0.v20170207-0942
2017-07-04 14:25:35,423 - org.eclipse.mylyn.tasks.index.core - 3.22.0.v20170121-1612
2017-07-04 14:25:35,424 - org.eclipse.mylyn.tasks.index.ui - 3.22.0.v20161024-1639
2017-07-04 14:25:35,425 - org.eclipse.mylyn.tasks.search - 3.22.0.v20161011-2205
2017-07-04 14:25:35,427 - org.eclipse.mylyn.tasks.ui - 3.22.0.v20170214-1916
2017-07-04 14:25:35,431 - org.eclipse.egit.core - 4.6.0.201612231935-r
2017-07-04 14:25:35,434 - org.eclipse.egit.ui - 4.6.0.201612231935-r
2017-07-04 14:25:35,434 - org.eclipse.egit - 4.6.0.201612231935-r
2017-07-04 14:25:35,435 - org.eclipse.egit.doc - 4.6.0.201612231935-r
2017-07-04 14:25:35,439 - org.eclipse.rse - 3.5.0.201403100950
2017-07-04 14:25:35,442 - org.eclipse.gef - 3.11.0.201606061308
2017-07-04 14:25:35,445 - org.eclipse.rse.services.local - 2.2.1.201507180454
2017-07-04 14:25:35,446 - org.eclipse.rse.subsystems.files.local - 2.1.300.201403251512
2017-07-04 14:25:35,447 - org.eclipse.rse.subsystems.processes.local - 2.1.400.201403100950
2017-07-04 14:25:35,448 - org.eclipse.rse.subsystems.shells.local - 2.1.400.201403100950
2017-07-04 14:25:35,454 - org.eclipse.rse.connectorservice.local - 2.1.400.201403100950
2017-07-04 14:25:35,458 - org.eclipse.mylyn.commons.identity.core - 1.14.0.v20161024-1634
2017-07-04 14:25:35,470 - org.eclipse.tcf.te - 1.5.0.201609112106
2017-07-04 14:25:35,471 - org.eclipse.tcf.te.core - 1.5.0.201609112106
2017-07-04 14:25:35,472 - org.eclipse.tcf.te.core.cdt - 1.5.0.201609112106
2017-07-04 14:25:35,473 - org.eclipse.tcf.te.launch.core - 1.5.0.201609112106
2017-07-04 14:25:35,475 - org.eclipse.tcf.te.launch.ui - 1.5.0.201609112106
2017-07-04 14:25:35,476 - org.eclipse.tcf.te.runtime - 1.5.0.201609112106
2017-07-04 14:25:35,477 - org.eclipse.tcf.te.runtime.concurrent - 1.5.0.201609112106
2017-07-04 14:25:35,478 - org.eclipse.tcf.te.runtime.model - 1.5.0.201609112106
2017-07-04 14:25:35,479 - org.eclipse.tcf.te.runtime.persistence - 1.5.0.201609112106
2017-07-04 14:25:35,480 - org.eclipse.tcf.te.runtime.services - 1.5.0.201609112106
2017-07-04 14:25:35,481 - org.eclipse.tcf.te.runtime.statushandler - 1.5.0.201609112106
2017-07-04 14:25:35,482 - org.eclipse.tcf.te.runtime.stepper - 1.5.0.201609112106
2017-07-04 14:25:35,484 - org.eclipse.tcf.te.ui - 1.5.0.201609112106
2017-07-04 14:25:35,485 - org.eclipse.tcf.te.ui.controls - 1.5.0.201609112106
2017-07-04 14:25:35,487 - org.eclipse.tcf.te.ui.forms - 1.5.0.201609112106
2017-07-04 14:25:35,488 - org.eclipse.tcf.te.ui.notifications - 1.5.0.201609112106
2017-07-04 14:25:35,489 - org.eclipse.tcf.te.ui.swt - 1.5.0.201609112106
2017-07-04 14:25:35,490 - org.eclipse.tcf.te.ui.views - 1.5.0.201609112106
2017-07-04 14:25:35,494 - org.eclipse.cdt.debug.gdbjtag.core - 9.1.0.201703141149
2017-07-04 14:25:35,496 - org.eclipse.cdt.debug.gdbjtag.ui - 8.0.0.201703141149
2017-07-04 14:25:35,496 - org.eclipse.cdt.debug.gdbjtag - 7.0.0.201703141149
2017-07-04 14:25:35,499 - org.eclipse.oomph.p2 - 1.7.0.v20170104-1401
2017-07-04 14:25:35,500 - org.eclipse.oomph.p2.core - 1.7.0.v20170228-1751
2017-07-04 14:25:35,500 - org.eclipse.oomph.p2.edit - 1.7.0.v20170104-1401
2017-07-04 14:25:35,500 - org.eclipse.oomph.p2.ui - 1.7.0.v20161231-0937
2017-07-04 14:25:35,500 - org.eclipse.oomph.p2.doc - 1.7.0.v20170104-1401
2017-07-04 14:25:35,500 - org.eclipse.tm.terminal.view.core - 4.2.0.201609191434
2017-07-04 14:25:35,500 - org.eclipse.tm.terminal.view.ui - 4.2.0.201609191434
2017-07-04 14:25:35,516 - org.eclipse.emf.codegen.ui - 2.6.0.v20170313-0823
2017-07-04 14:25:35,516 - org.eclipse.datatools.enablement.sqlite - 1.2.0.201701131441
2017-07-04 14:25:35,516 - org.eclipse.datatools.enablement.sqlite.dbdefinition - 1.2.0.201701131441
2017-07-04 14:25:35,516 - org.eclipse.datatools.enablement.sqlite.ui - 1.2.0.201701131441
2017-07-04 14:25:35,516 - org.eclipse.datatools.enablement.finfo - 1.7.0.201701131441
2017-07-04 14:25:35,516 - org.eclipse.tcf.te.tcf.launch.core - 1.5.0.201609112106
2017-07-04 14:25:35,516 - org.eclipse.tcf.te.tcf.launch.ui - 1.5.0.201609112106
2017-07-04 14:25:35,516 - org.eclipse.mylyn.commons.notifications.core - 1.14.0.v20161006-2037
2017-07-04 14:25:35,532 - org.eclipse.mylyn.commons.notifications.feed - 1.14.0.v20161006-2037
2017-07-04 14:25:35,532 - org.eclipse.mylyn.commons.notifications.ui - 1.14.0.v20161024-1634
2017-07-04 14:25:35,532 - org.eclipse.emf.converter - 2.8.0.v20170313-0823
2017-07-04 14:25:35,532 - org.eclipse.emf.importer - 2.9.0.v20170313-0823
2017-07-04 14:25:35,532 - org.eclipse.emf.exporter - 2.7.0.v20170313-0823
2017-07-04 14:25:35,532 - org.eclipse.emf.importer.ecore - 2.8.0.v20170313-0823
2017-07-04 14:25:35,532 - org.eclipse.emf.importer.java - 2.8.0.v20170313-0823
2017-07-04 14:25:35,532 - org.eclipse.emf.importer.rose - 2.8.0.v20170313-0823
2017-07-04 14:25:35,532 - org.eclipse.emf.edit.ui - 2.13.0.v20170313-0823
2017-07-04 14:25:35,532 - org.eclipse.help - 3.8.0.v20160823-1530
2017-07-04 14:25:35,547 - org.eclipse.ui - 3.109.0.v20170306-1046
2017-07-04 14:25:35,547 - org.eclipse.ui.workbench - 3.110.0.v20170307-2032
2017-07-04 14:25:35,547 - org.eclipse.update.configurator - 3.3.400.v20160506-0750
2017-07-04 14:25:35,547 - org.eclipse.rcp - 4.7.0.v20170308-2000
2017-07-04 14:25:35,547 - org.eclipse.epp.package.cpp - 4.7.0.20170316-0818
2017-07-04 14:25:35,547 - org.eclipse.tm.terminal.view.ui.rse - 4.2.0.201609191434
2017-07-04 14:25:35,547 - org.eclipse.datatools.connectivity.oda.design.ui - 3.4.0.201701131441
2017-07-04 14:25:35,547 - org.eclipse.datatools.connectivity.ui.dse - 1.3.0.201701131441
2017-07-04 14:25:35,547 - org.eclipse.datatools.connectivity.ui - 1.4.0.201701131441
2017-07-04 14:25:35,656 - org.eclipse.datatools.connectivity.sqm.core - 1.4.0.201701131441
2017-07-04 14:25:35,656 - org.eclipse.datatools.help - 1.7.0.201701131441
2017-07-04 14:25:35,656 - org.eclipse.cdt.mylyn.ui - 3.22.0.v20161011-2234
2017-07-04 14:25:35,656 - org.eclipse.jdt - 3.13.0.v20170308-2000
2017-07-04 14:25:35,656 - org.eclipse.ant.ui - 3.7.0.v20170111-1902
2017-07-04 14:25:35,656 - org.eclipse.jdt.apt.core - 3.5.0.v20170208-1806
2017-07-04 14:25:35,656 - org.eclipse.jdt.apt.ui - 3.5.0.v20160907-0458
2017-07-04 14:25:35,672 - org.eclipse.jdt.apt.pluggable.core - 1.2.0.v20161129-1307
2017-07-04 14:25:35,672 - org.eclipse.jdt.compiler.apt - 1.3.0.v20170110-0830
2017-07-04 14:25:35,672 - org.eclipse.jdt.compiler.tool - 1.2.0.v20161205-0823
2017-07-04 14:25:35,672 - org.eclipse.jdt.core - 3.13.0.v20170308-1510
2017-07-04 14:25:35,672 - org.eclipse.jdt.annotation - 2.1.0.v20170307-1824
2017-07-04 14:25:35,672 - org.eclipse.jdt.annotation - 2.1.0.v20170307-1824
2017-07-04 14:25:35,672 - org.eclipse.jdt.core.manipulation - 1.9.0.v20161219-2145
2017-07-04 14:25:35,672 - org.eclipse.jdt.debug.ui - 3.8.0.v20170308-2105
2017-07-04 14:25:35,672 - org.eclipse.jdt.debug - 3.11.0.v20170308-1926
2017-07-04 14:25:35,672 - org.eclipse.jdt.junit - 3.10.0.v20170208-1347
2017-07-04 14:25:35,672 - org.eclipse.jdt.junit.core - 3.9.0.v20170118-1322
2017-07-04 14:25:35,688 - org.eclipse.jdt.junit.runtime - 3.4.600.v20160505-0715
2017-07-04 14:25:35,688 - org.eclipse.jdt.junit4.runtime - 1.1.600.v20160505-0715
2017-07-04 14:25:35,688 - org.eclipse.jdt.launching - 3.9.0.v20170105-1210
2017-07-04 14:25:35,734 - org.eclipse.jdt.ui - 3.13.0.v20170307-0003
2017-07-04 14:25:35,734 - org.junit - 4.12.0.v201504281640
2017-07-04 14:25:35,734 - org.hamcrest.core - 1.3.0.v201303031735
2017-07-04 14:25:35,734 - org.eclipse.jdt.doc.user - 3.13.0.v20170222-2225
2017-07-04 14:25:35,734 - org.eclipse.ant.launching - 1.2.0.v20170111-1902
2017-07-04 14:25:35,734 - org.eclipse.emf.common - 2.13.0.v20170313-0735
2017-07-04 14:25:35,734 - org.eclipse.sequoyah.vnc.vncviewer.vncviews - 2.1.0.N20120718-0509
2017-07-04 14:25:35,750 - org.eclipse.datatools.sqltools.common.ui - 1.2.0.201701131441
2017-07-04 14:25:35,750 - org.eclipse.datatools.sqltools.debugger.core - 1.2.0.201701131441
2017-07-04 14:25:35,750 - org.eclipse.datatools.sqltools.editor.core - 1.2.0.201701131441
2017-07-04 14:25:35,750 - org.eclipse.datatools.sqltools.plan - 1.2.0.201701131441
2017-07-04 14:25:35,750 - org.eclipse.datatools.sqltools.routineeditor - 1.2.0.201701131441
2017-07-04 14:25:35,750 - org.eclipse.datatools.sqltools.sql - 1.2.0.201701131441
2017-07-04 14:25:35,750 - org.eclipse.datatools.sqltools.sqleditor - 1.2.0.201701131441
2017-07-04 14:25:35,750 - org.eclipse.datatools.sqltools.sqlscrapbook - 1.2.0.201701131441
2017-07-04 14:25:35,750 - org.eclipse.datatools.help - 1.7.0.201701131441
2017-07-04 14:25:35,750 - org.eclipse.datatools.sqltools.db.generic - 1.2.0.201701131441
2017-07-04 14:25:35,750 - org.eclipse.datatools.sqltools.debugger.core.ui - 1.2.0.201701131441
2017-07-04 14:25:35,750 - org.eclipse.datatools.sqltools.editor.core.ui - 1.2.0.201701131441
2017-07-04 14:25:35,750 - org.eclipse.datatools.sqltools.result.ui - 1.3.0.201701131441
2017-07-04 14:25:35,750 - org.eclipse.datatools.sqltools.routineeditor.ui - 1.2.0.201701131441
2017-07-04 14:25:35,766 - org.eclipse.datatools.sqltools.sql.ui - 1.2.0.201701131441
2017-07-04 14:25:35,766 - org.objectweb.asm - 5.0.1.v201404251740
2017-07-04 14:25:35,766 - org.eclipse.andmore - 0.5.0.201605181018
2017-07-04 14:25:35,766 - org.eclipse.andmore.base - 0.5.0.201605181018
2017-07-04 14:25:35,766 - org.eclipse.andmore.ddms - 0.5.0.201605181018
2017-07-04 14:25:35,766 - org.eclipse.andmore.overlay - 0.5.0.201605181018
2017-07-04 14:25:35,766 - org.apache.commons.codec - 1.9.0.v20170208-1614
2017-07-04 14:25:35,766 - org.apache.commons.compress - 1.6.0.v201310281400
2017-07-04 14:25:35,766 - org.apache.httpcomponents.httpclient - 4.5.2.v20170210-0925
2017-07-04 14:25:35,766 - org.apache.httpcomponents.httpcore - 4.4.6.v20170210-0925
2017-07-04 14:25:35,781 - org.eclipse.datatools.modelbase.dbdefinition - 1.2.0.201701131441
2017-07-04 14:25:35,781 - org.eclipse.datatools.modelbase.sql.edit - 1.2.0.201701131441
2017-07-04 14:25:35,781 - org.eclipse.datatools.modelbase.sql.query - 1.3.0.201701131441
2017-07-04 14:25:35,781 - org.eclipse.datatools.modelbase.sql.query.edit - 1.2.0.201701131441
2017-07-04 14:25:35,781 - org.eclipse.datatools.modelbase.sql.xml.query - 1.2.0.201701131441
2017-07-04 14:25:35,781 - org.eclipse.datatools.modelbase.sql - 1.2.0.201701131441
2017-07-04 14:25:35,781 - org.eclipse.oomph.setup.editor - 1.7.0.v20170104-1401
2017-07-04 14:25:35,781 - org.eclipse.oomph.setup.ui - 1.7.0.v20170305-1123
2017-07-04 14:25:35,781 - org.eclipse.oomph.setup.doc - 1.7.0.v20170104-1401
2017-07-04 14:25:35,797 - org.eclipse.oomph.setup.ui.questionnaire - 1.7.0.v20170104-1401
2017-07-04 14:25:35,797 - org.eclipse.oomph.jreinfo.ui - 1.7.0.v20161220-1444
2017-07-04 14:25:35,797 - org.eclipse.emf.mapping - 2.9.0.v20170313-0823
2017-07-04 14:25:35,797 - org.eclipse.emf.ecore - 2.13.0.v20170313-0735
2017-07-04 14:25:35,797 - org.eclipse.emf.ecore.change - 2.11.0.v20170313-0735
2017-07-04 14:25:35,797 - org.eclipse.emf.ecore.xmi - 2.13.0.v20170313-0735
2017-07-04 14:25:35,797 - org.eclipse.rse.services.ssh - 3.2.100.201403281521
2017-07-04 14:25:35,797 - org.eclipse.rse.connectorservice.ssh - 2.1.300.201505220524
2017-07-04 14:25:35,797 - org.eclipse.rse.subsystems.files.ssh - 2.1.300.201403100950
2017-07-04 14:25:35,797 - org.eclipse.rse.subsystems.shells.ssh - 2.1.400.201403100950
2017-07-04 14:25:35,812 - org.eclipse.jgit - 4.6.0.201612231935-r
2017-07-04 14:25:35,812 - org.eclipse.jgit.archive - 4.6.0.201612231935-r
2017-07-04 14:25:35,812 - com.jcraft.jsch - 0.1.54.v20170116-1932
2017-07-04 14:25:35,812 - javaewah - 1.1.6.v20160919-1400
2017-07-04 14:25:35,812 - org.apache.commons.compress - 1.6.0.v201310281400
2017-07-04 14:25:35,812 - org.slf4j.api - 1.7.2.v20121108-1250
2017-07-04 14:25:35,812 - org.slf4j.impl.log4j12 - 1.7.2.v20131105-2200
2017-07-04 14:25:35,812 - org.apache.log4j - 1.2.15.v201012070815
2017-07-04 14:25:35,812 - org.eclipse.mylyn.wikitext.tasks.ui - 3.0.0.N20170203-2344
2017-07-04 14:25:35,812 - org.eclipse.mylyn.wikitext.context.ui - 3.0.0.N20170203-2052
2017-07-04 14:25:35,828 - org.eclipse.emf.mapping.ecore.editor - 2.6.0.v20170313-0823
2017-07-04 14:25:35,828 - org.eclipse.emf.mapping.ecore2ecore.editor - 2.7.0.v20170313-0823
2017-07-04 14:25:35,828 - org.eclipse.emf.mapping.ecore2xml.ui - 2.8.0.v20170313-0823
2017-07-04 14:25:35,844 - org.apache.ant - 1.9.6.v201510161327
2017-07-04 14:25:35,844 - org.eclipse.ant.core - 3.5.0.v20170111-1902
2017-07-04 14:25:35,844 - com.jcraft.jsch - 0.1.54.v20170116-1932
2017-07-04 14:25:35,844 - org.eclipse.compare.core - 3.6.0.v20170104-1723
2017-07-04 14:25:35,844 - org.eclipse.compare - 3.7.100.v20170303-1847
2017-07-04 14:25:35,844 - org.eclipse.compare.win32 - 1.1.0.v20160927-0638
2017-07-04 14:25:35,844 - org.eclipse.core.filebuffers - 3.6.100.v20170203-1130
2017-07-04 14:25:35,844 - org.eclipse.core.filesystem - 1.7.0.v20161209-1322
2017-07-04 14:25:35,844 - org.eclipse.core.net - 1.3.0.v20170104-1723
2017-07-04 14:25:35,844 - org.eclipse.core.net.win32.x86_64 - 1.1.0.v20160323-1650
2017-07-04 14:25:35,844 - org.eclipse.core.resources - 3.12.0.v20170307-1609
2017-07-04 14:25:35,844 - org.eclipse.osgi.util - 3.4.0.v20170111-1608
2017-07-04 14:25:35,844 - org.eclipse.debug.core - 3.11.0.v20170207-0628
2017-07-04 14:25:35,844 - org.eclipse.debug.ui - 3.12.0.v20170302-1026
2017-07-04 14:25:35,844 - org.eclipse.equinox.event - 1.4.0.v20170105-1446
2017-07-04 14:25:35,859 - org.eclipse.ltk.core.refactoring - 3.8.0.v20170105-1156
2017-07-04 14:25:35,859 - org.eclipse.ltk.ui.refactoring - 3.9.0.v20170307-0003
2017-07-04 14:25:35,859 - org.eclipse.platform - 4.7.0.v20170308-2000
2017-07-04 14:25:35,859 - org.eclipse.platform.doc.user - 4.7.0.v20161118-1551
2017-07-04 14:25:35,859 - org.eclipse.search - 3.11.1.v20170308-1753
2017-07-04 14:25:35,859 - org.eclipse.team.core - 3.8.0.v20170104-1723
2017-07-04 14:25:35,859 - org.eclipse.team.ui - 3.8.1.v20170117-2200
2017-07-04 14:25:35,859 - org.eclipse.text - 3.6.100.v20170203-0814
2017-07-04 14:25:35,859 - org.eclipse.jface.text - 3.12.0.v20170213-1440
2017-07-04 14:25:35,859 - org.eclipse.jsch.core - 1.3.0.v20160422-1917
2017-07-04 14:25:35,859 - org.eclipse.jsch.ui - 1.3.0.v20160323-1650
2017-07-04 14:25:35,859 - org.eclipse.ui.console - 3.7.0.v20170304-1327
2017-07-04 14:25:35,859 - org.eclipse.ui.intro - 3.5.100.v20170204-1421
2017-07-04 14:25:35,859 - org.eclipse.ui.intro.universal - 3.3.100.v20170228-1404
2017-07-04 14:25:35,859 - org.eclipse.ui.cheatsheets - 3.5.0.v20170228-1404
2017-07-04 14:25:35,859 - org.eclipse.ui.browser - 3.6.100.v20170210-0858
2017-07-04 14:25:35,859 - org.eclipse.ui.genericeditor - 1.0.0.v20170222-0936
2017-07-04 14:25:35,875 - org.eclipse.ui.monitoring - 1.1.100.v20170131-1736
2017-07-04 14:25:35,875 - org.eclipse.ui.navigator - 3.7.0.v20170210-0858
2017-07-04 14:25:35,875 - org.eclipse.ui.navigator.resources - 3.6.0.v20170302-1409
2017-07-04 14:25:35,875 - org.eclipse.ui.net - 1.3.0.v20170104-1723
2017-07-04 14:25:35,875 - org.eclipse.ui.workbench.texteditor - 3.10.100.v20170219-0755
2017-07-04 14:25:35,875 - org.eclipse.ui.views - 3.9.0.v20170226-1833
2017-07-04 14:25:35,875 - org.eclipse.ui.editors - 3.11.0.v20170202-1823
2017-07-04 14:25:35,875 - org.eclipse.ui.externaltools - 3.4.0.v20161212-0515
2017-07-04 14:25:35,875 - org.eclipse.ui.ide - 3.13.0.v20170306-1626
2017-07-04 14:25:35,875 - org.eclipse.ui.ide.application - 1.2.0.v20170227-1756
2017-07-04 14:25:35,875 - org.eclipse.ui.win32 - 3.3.0.v20160505-1310
2017-07-04 14:25:35,875 - org.eclipse.core.resources.win32.x86_64 - 3.5.0.v20160927-1716
2017-07-04 14:25:35,875 - org.eclipse.core.filesystem.win32.x86_64 - 1.4.0.v20140124-1940
2017-07-04 14:25:35,875 - org.eclipse.core.variables - 3.4.0.v20170113-2056
2017-07-04 14:25:35,875 - org.eclipse.ui.forms - 3.7.100.v20170206-1002
2017-07-04 14:25:35,875 - org.eclipse.ui.views.properties.tabbed - 3.8.0.v20170214-1429
2017-07-04 14:25:35,875 - org.eclipse.equinox.security - 1.2.300.v20161007-1415
2017-07-04 14:25:35,875 - org.eclipse.equinox.security.ui - 1.1.400.v20161007-1415
2017-07-04 14:25:35,890 - org.eclipse.equinox.security.win32.x86_64 - 1.0.100.v20130327-1442
2017-07-04 14:25:35,890 - org.eclipse.core.externaltools - 1.1.0.v20170113-2056
2017-07-04 14:25:35,890 - org.eclipse.ui.themes - 1.2.0.v20170222-1750
2017-07-04 14:25:35,890 - org.eclipse.core.runtime - 3.13.0.v20170207-1030
2017-07-04 14:25:35,890 - org.eclipse.ui.intro.quicklinks - 1.0.0.v20170104-1824
2017-07-04 14:25:35,890 - org.eclipse.team.genericeditor.diff.extension - 1.0.0.v20170306-1142
2017-07-04 14:25:35,890 - org.eclipse.tcf.te.tcf.launch.cdt - 1.5.0.201609112106
2017-07-04 14:25:35,890 - org.eclipse.mylyn.discovery.core - 3.22.0.v20161006-2037
2017-07-04 14:25:35,890 - org.eclipse.mylyn.discovery.ui - 3.22.0.v20161006-2037
2017-07-04 14:25:35,890 - org.eclipse.emf.ecore.edit - 2.9.0.v20170313-0823
2017-07-04 14:25:35,906 - org.eclipse.emf.ecore.change.edit - 2.6.0.v20170313-0823
2017-07-04 14:25:35,906 - org.eclipse.sequoyah.vnc.protocol - 2.1.0.N20120718-0509
2017-07-04 14:25:35,906 - org.eclipse.emf.mapping.ecore - 2.6.0.v20170313-0823
2017-07-04 14:25:35,906 - org.eclipse.emf.mapping.ecore2ecore - 2.9.0.v20170313-0823
2017-07-04 14:25:35,906 - org.eclipse.emf.mapping.ecore2xml - 2.9.0.v20170313-0823
2017-07-04 14:25:35,906 - org.eclipse.andmore.traceview - 0.5.0.201605181018
2017-07-04 14:25:35,906 - org.eclipse.mylyn.wikitext - 3.0.0.20170221231501
2017-07-04 14:25:35,906 - org.eclipse.mylyn.wikitext.ant - 3.0.0.20170221231501
2017-07-04 14:25:35,906 - org.eclipse.mylyn.wikitext.osgi - 3.0.0.N20170203-2052
2017-07-04 14:25:35,922 - org.eclipse.mylyn.wikitext.asciidoc - 3.0.0.20170221231501
2017-07-04 14:25:35,922 - org.eclipse.mylyn.wikitext.textile - 3.0.0.20170221231501
2017-07-04 14:25:35,922 - org.eclipse.mylyn.wikitext.html - 3.0.0.20170221231501
2017-07-04 14:25:35,922 - org.eclipse.mylyn.wikitext.markdown - 3.0.0.20170221231501
2017-07-04 14:25:35,922 - org.eclipse.mylyn.wikitext.mediawiki - 3.0.0.20170221231501
2017-07-04 14:25:35,922 - org.eclipse.mylyn.wikitext.confluence - 3.0.0.20170221231501
2017-07-04 14:25:35,922 - org.eclipse.mylyn.wikitext.tracwiki - 3.0.0.20170221231501
2017-07-04 14:25:35,922 - org.eclipse.mylyn.wikitext.twiki - 3.0.0.20170221231501
2017-07-04 14:25:35,922 - org.eclipse.mylyn.wikitext.ui - 3.0.0.N20170206-1811
2017-07-04 14:25:35,922 - org.eclipse.mylyn.wikitext.help.ui - 3.0.0.N20170203-2248
2017-07-04 14:25:35,922 - org.eclipse.mylyn.wikitext.asciidoc.ui - 3.0.0.N20170203-2248
2017-07-04 14:25:35,922 - org.eclipse.mylyn.wikitext.textile.ui - 3.0.0.N20170204-0129
2017-07-04 14:25:35,922 - org.eclipse.mylyn.wikitext.markdown.ui - 3.0.0.N20170204-0143
2017-07-04 14:25:35,922 - org.eclipse.mylyn.wikitext.mediawiki.ui - 3.0.0.N20170204-0143
2017-07-04 14:25:35,922 - org.eclipse.mylyn.wikitext.confluence.ui - 3.0.0.N20170204-0143
2017-07-04 14:25:35,922 - org.eclipse.mylyn.wikitext.tracwiki.ui - 3.0.0.N20170204-0143
2017-07-04 14:25:35,937 - org.eclipse.mylyn.wikitext.twiki.ui - 3.0.0.N20170204-0143
2017-07-04 14:25:35,937 - org.eclipse.sequoyah.localization.android - 2.1.0.N20120718-0509
2017-07-04 14:25:35,937 - org.eclipse.sequoyah.localization.android.help - 2.1.1.N20120718-0509
2017-07-04 14:25:35,937 - org.eclipse.emf.codegen - 2.12.0.v20170313-0823
2017-07-04 14:25:35,937 - org.eclipse.datatools.doc.user - 1.7.0.20090521092446
2017-07-04 14:25:35,937 - org.eclipse.datatools.oda.cshelp - 1.3.0.201701131441
2017-07-04 14:25:35,937 - org.eclipse.datatools.help - 1.7.0.201701131441
2017-07-04 14:25:35,937 - org.eclipse.emf - 2.6.0.v20170313-0823
2017-07-04 14:25:35,953 - org.eclipse.mylyn.tasks.bugs - 3.22.0.v20161011-2205
2017-07-04 14:25:35,953 - org.eclipse.mylyn.help.ui - 3.22.0.v20161011-2205
2017-07-04 14:25:35,953 - org.eclipse.draw2d - 3.10.100.201606061308
2017-07-04 14:25:35,953 - org.eclipse.cdt.build.crossgcc - 1.1.0.201703141149
2017-07-04 14:25:35,953 - org.eclipse.emf.edit - 2.12.0.v20170313-0823
2017-07-04 14:25:35,953 - org.eclipse.mylyn.commons.core - 3.22.0.v20161024-1634
2017-07-04 14:25:35,968 - org.eclipse.mylyn.commons.screenshots - 3.22.0.v20161006-2037
2017-07-04 14:25:35,968 - org.eclipse.mylyn.commons.ui - 3.22.0.v20170213-1708
2017-07-04 14:25:35,968 - org.eclipse.mylyn.commons.workbench - 3.22.0.v20161206-0357
2017-07-04 14:25:35,968 - org.eclipse.mylyn.bugzilla.ide - 3.22.0.v20161011-2234
2017-07-04 14:25:35,968 - org.eclipse.mylyn.ide.ui - 3.22.0.v20161011-2234
2017-07-04 14:25:35,968 - org.eclipse.emf.databinding.edit - 1.3.0.v20170313-0823
2017-07-04 14:25:35,968 - org.eclipse.emf.codegen.ecore - 2.13.0.v20170313-0823
2017-07-04 14:25:35,968 - org.eclipse.emf.ant - 2.8.0.v20170313-0823
2017-07-04 14:25:35,968 - org.eclipse.andmore.ndk - 0.5.0.201605181018
2017-07-04 14:25:35,984 - org.eclipse.andmore.gldebugger - 0.5.0.201605181018
2017-07-04 14:25:35,984 - org.eclipse.epp.mpc.core - 1.6.0.v20170315-2032
2017-07-04 14:25:35,984 - org.eclipse.epp.mpc.ui - 1.6.0.v20170315-2024
2017-07-04 14:25:35,984 - org.eclipse.epp.mpc.help.ui - 1.6.0.v20170201-1850
2017-07-04 14:25:35,984 - org.apache.httpcomponents.httpclient - 4.5.2.v20170210-0925
2017-07-04 14:25:35,984 - org.apache.httpcomponents.httpcore - 4.4.6.v20170210-0925
2017-07-04 14:25:35,984 - org.eclipse.datatools.connectivity.oda.consumer - 3.4.0.201701131441
2017-07-04 14:25:35,984 - org.eclipse.datatools.connectivity.oda.design - 3.5.0.201701131441
2017-07-04 14:25:35,984 - org.eclipse.datatools.connectivity.oda.profile - 3.4.0.201701131441
2017-07-04 14:25:35,984 - org.eclipse.datatools.connectivity.oda - 3.6.0.201701131441
2017-07-04 14:25:35,984 - org.eclipse.datatools.connectivity - 1.14.0.201701131441
2017-07-04 14:25:36,000 - org.eclipse.andmore.android.certmanager - 0.5.0.201605181018
2017-07-04 14:25:36,000 - org.eclipse.dstore.core - 3.4.0.201501311530
2017-07-04 14:25:36,000 - org.eclipse.dstore.extra - 2.1.400.201403100950
2017-07-04 14:25:36,000 - org.eclipse.rse.connectorservice.dstore - 3.1.301.201403100950
2017-07-04 14:25:36,000 - org.eclipse.rse.services.dstore - 3.3.0.201406041609
2017-07-04 14:25:36,000 - org.eclipse.rse.subsystems.files.dstore - 2.1.300.201403100950
2017-07-04 14:25:36,000 - org.eclipse.rse.subsystems.processes.dstore - 2.1.400.201403100950
2017-07-04 14:25:36,000 - org.eclipse.rse.subsystems.shells.dstore - 2.1.400.201403100950
2017-07-04 14:25:36,000 - org.eclipse.rse.dstore.security - 3.0.400.201403100950
2017-07-04 14:25:36,000 - org.eclipse.cdt.gdb - 7.0.0.201703141149
2017-07-04 14:25:36,000 - org.eclipse.cdt.gdb.ui - 7.0.0.201703141149
2017-07-04 14:25:36,015 - org.eclipse.pde - 3.13.0.v20170308-2000
2017-07-04 14:25:36,015 - org.eclipse.pde.build - 3.9.200.v20161007-1117
2017-07-04 14:25:36,015 - org.eclipse.pde.core - 3.11.100.v20170223-1441
2017-07-04 14:25:36,015 - org.eclipse.pde.junit.runtime - 3.5.0.v20151013-0625
2017-07-04 14:25:36,015 - org.eclipse.pde.runtime - 3.6.0.v20170214-0853
2017-07-04 14:25:36,015 - org.eclipse.pde.ui - 3.10.0.v20170303-1418
2017-07-04 14:25:36,015 - org.eclipse.pde.doc.user - 3.13.0.v20170308-1238
2017-07-04 14:25:36,015 - org.eclipse.pde.ui.templates - 3.6.0.v20170207-0930
2017-07-04 14:25:36,015 - org.eclipse.ui.views.log - 1.2.100.v20161129-2257
2017-07-04 14:25:36,015 - org.objectweb.asm - 5.0.1.v201404251740
2017-07-04 14:25:36,015 - org.objectweb.asm.tree - 5.0.1.v201404251740
2017-07-04 14:25:36,031 - org.eclipse.pde.api.tools - 1.1.100.v20170307-1249
2017-07-04 14:25:36,031 - org.eclipse.pde.api.tools.annotations - 1.1.0.v20170118-0848
2017-07-04 14:25:36,031 - org.eclipse.pde.api.tools.ui - 1.1.100.v20170224-0809
2017-07-04 14:25:36,031 - org.eclipse.pde.ds.core - 1.1.0.v20151201-1325
2017-07-04 14:25:36,031 - org.eclipse.pde.ds.ui - 1.1.0.v20170114-1503
2017-07-04 14:25:36,031 - org.eclipse.pde.launching - 3.7.0.v20170217-0848
2017-07-04 14:25:36,031 - org.eclipse.pde.ua.core - 1.1.0.v20170201-2036
2017-07-04 14:25:36,031 - org.eclipse.pde.ua.ui - 1.1.0.v20170201-2036
2017-07-04 14:25:36,031 - org.eclipse.ui.trace - 1.1.0.v20170201-2036
2017-07-04 14:25:36,031 - org.eclipse.pde.ds.annotations - 1.1.0.v20170307-1515
2017-07-04 14:25:36,031 - org.eclipse.pde.genericeditor.extension - 1.0.0.v20170228-1521
2017-07-04 14:25:36,031 - org.eclipse.pde.ds.lib - 1.1.0.v20170303-1624
2017-07-04 14:25:36,031 - org.eclipse.pde.ds1_2.lib - 1.0.0.v20170303-1624
2017-07-04 14:25:36,046 - org.eclipse.sequoyah.localization.tools - 2.1.0.N20120718-0509
2017-07-04 14:25:36,046 - org.eclipse.sequoyah.localization.editor - 2.1.0.N20120718-0509
2017-07-04 14:25:36,046 - org.eclipse.datatools.sqltools.parsers.sql.lexer - 1.2.0.201701131441
2017-07-04 14:25:36,046 - org.eclipse.datatools.sqltools.parsers.sql.query - 1.4.0.201701131441
2017-07-04 14:25:36,046 - org.eclipse.datatools.sqltools.parsers.sql.xml.query - 1.2.0.201701131441
2017-07-04 14:25:36,046 - org.eclipse.datatools.sqltools.parsers.sql - 1.2.0.201701131441
2017-07-04 14:25:36,046 - org.eclipse.mylyn.team.ui - 3.22.0.v20161030-0112
2017-07-04 14:25:36,062 - org.eclipse.datatools.sqltools.sql - 1.2.0.201701131441
2017-07-04 14:25:36,062 - org.eclipse.datatools.sqltools.common.ui - 1.2.0.201701131441
2017-07-04 14:25:36,062 - org.eclipse.datatools.sqltools.plan - 1.2.0.201701131441
2017-07-04 14:25:36,062 - org.eclipse.datatools.sqltools.editor.core - 1.2.0.201701131441
2017-07-04 14:25:36,062 - org.eclipse.datatools.sqltools.sqleditor - 1.2.0.201701131441
2017-07-04 14:25:36,062 - org.eclipse.datatools.sqltools.ddlgen.ui - 1.2.0.201701131441
2017-07-04 14:25:36,062 - org.eclipse.datatools.connectivity.db.generic - 1.2.0.201701131441
2017-07-04 14:25:36,062 - org.eclipse.datatools.sqltools.editor.core.ui - 1.2.0.201701131441
2017-07-04 14:25:36,062 - org.eclipse.datatools.sqltools.sql.ui - 1.2.0.201701131441
2017-07-04 14:25:36,062 - org.eclipse.emf.common.ui - 2.12.0.v20170313-0823
2017-07-04 14:25:36,062 - org.eclipse.mylyn.commons.repositories.core - 1.14.0.v20161006-2037
2017-07-04 14:25:36,062 - org.eclipse.mylyn.commons.repositories.ui - 1.14.0.v20161024-1634
2017-07-04 14:25:36,062 - org.eclipse.sequoyah.device.common.utilities - 2.1.0.N20120718-0509
2017-07-04 14:25:36,078 - org.apache.commons.net - 3.2.0.v201305141515
2017-07-04 14:25:36,078 - org.eclipse.rse.services.files.ftp - 3.0.500.201403100950
2017-07-04 14:25:36,078 - org.eclipse.rse.subsystems.files.ftp - 2.2.100.201601281414
2017-07-04 14:25:36,078 - org.eclipse.andmore.android.common - 0.5.0.201605181018
2017-07-04 14:25:36,078 - org.eclipse.andmore.android.codeutils - 0.5.0.201605181018
2017-07-04 14:25:36,078 - org.eclipse.andmore.android.translation - 0.5.0.201605181018
2017-07-04 14:25:36,078 - org.eclipse.andmore.android.codesnippets - 0.5.0.201605181018
2017-07-04 14:25:36,078 - org.eclipse.andmore.android.db.core - 0.5.0.201605181018
2017-07-04 14:25:36,078 - org.eclipse.andmore.android.logger - 0.5.0.201605181018
2017-07-04 14:25:36,093 - org.eclipse.andmore.android - 0.5.0.201605181018
2017-07-04 14:25:36,093 - org.eclipse.andmore.android.emulator - 0.5.0.201605181018
2017-07-04 14:25:36,093 - org.eclipse.andmore.android.launch - 0.5.0.201605181018
2017-07-04 14:25:36,093 - org.eclipse.andmore.android.packaging.ui - 0.5.0.201605181018
2017-07-04 14:25:36,093 - org.eclipse.andmore.android.handset - 0.5.0.201605181018
2017-07-04 14:25:36,093 - org.eclipse.andmore.android.remote - 0.5.0.201605181018
2017-07-04 14:25:36,093 - org.eclipse.andmore.android.win32.x86_64 - 0.5.0.201605181018
2017-07-04 14:25:36,093 - org.eclipse.andmore.android.mat - 0.5.0.201605181018
2017-07-04 14:25:36,093 - org.eclipse.andmore.android.devices.services - 0.5.0.201605181018
2017-07-04 14:25:36,093 - org.eclipse.andmore.android.db.devices - 0.5.0.201605181018
2017-07-04 14:25:36,093 - org.eclipse.andmore.android.installer - 0.5.0.201605181018
2017-07-04 14:25:36,093 - org.eclipse.andmore.android.logger.collector - 0.5.0.201605181018
2017-07-04 14:25:36,093 - org.eclipse.emf.mapping.ui - 2.7.0.v20170313-0823
2017-07-04 14:25:36,109 - org.apache.commons.net - 3.2.0.v201305141515
2017-07-04 14:25:36,109 - org.eclipse.rse.connectorservice.telnet - 1.2.300.201505220524
2017-07-04 14:25:36,109 - org.eclipse.rse.services.telnet - 2.0.400.201403100950
2017-07-04 14:25:36,109 - org.eclipse.rse.subsystems.shells.telnet - 1.2.300.201403100950
2017-07-04 14:25:36,109 - org.eclipse.rse.useractions - 1.1.500.201403100950
2017-07-04 14:25:36,109 - org.eclipse.mylyn.monitor.core - 3.22.0.v20161006-2037
2017-07-04 14:25:36,109 - org.eclipse.mylyn.monitor.ui - 3.22.0.v20161006-2037
2017-07-04 14:25:36,109 - org.eclipse.tm.terminal.control - 4.2.0.201609191434
2017-07-04 14:25:36,124 - org.eclipse.datatools.connectivity.oda.template.ui - 3.4.0.201701131441
2017-07-04 14:25:36,124 - org.eclipse.sequoyah.vnc.vncviewer - 2.1.0.N20120718-0509
2017-07-04 14:25:36,140 - org.eclipse.tcf.te.tcf.core - 1.5.0.201609121142
2017-07-04 14:25:36,140 - org.eclipse.tcf.te.tcf.core.model - 1.5.0.201609112106
2017-07-04 14:25:36,140 - org.eclipse.tcf.te.tcf.core.scripting - 1.5.0.201609112106
2017-07-04 14:25:36,140 - org.eclipse.tcf.te.tcf.filesystem.core - 1.5.0.201609112106
2017-07-04 14:25:36,140 - org.eclipse.tcf.te.tcf.filesystem.ui - 1.5.0.201609112106
2017-07-04 14:25:36,140 - org.eclipse.tcf.te.tcf.locator - 1.5.0.201609112106
2017-07-04 14:25:36,140 - org.eclipse.tcf.te.tcf.log.core - 1.5.0.201609112106
2017-07-04 14:25:36,140 - org.eclipse.tcf.te.tcf.processes.core - 1.5.0.201609112106
2017-07-04 14:25:36,140 - org.eclipse.tcf.te.tcf.processes.ui - 1.5.0.201609112106
2017-07-04 14:25:36,140 - org.eclipse.tcf.te.tcf.services.contexts - 1.5.0.201609112106
2017-07-04 14:25:36,140 - org.eclipse.tcf.te.tcf.terminals.core - 1.5.0.201609112106
2017-07-04 14:25:36,140 - org.eclipse.tcf.te.tcf.terminals.ui - 1.5.0.201609112106
2017-07-04 14:25:36,140 - org.eclipse.tcf.te.tcf.ui - 1.5.0.201609112106
2017-07-04 14:25:36,156 - org.eclipse.tcf.te.tcf.ui.console - 1.5.0.201609112106
2017-07-04 14:25:36,156 - org.eclipse.tcf.te.tcf.ui.views - 1.5.0.201609112106
2017-07-04 14:25:36,156 - org.eclipse.emf.codegen.ecore.ui - 2.13.0.v20170313-0823
2017-07-04 14:25:36,156 - org.eclipse.emf.ecore.editor - 2.13.0.v20170313-0823
2017-07-04 14:25:36,156 - org.eclipse.cdt.launch.remote - 2.5.0.201703141149
2017-07-04 14:25:36,156 - org.eclipse.rse.core - 3.3.100.201603151753
2017-07-04 14:25:36,156 - org.eclipse.rse.doc.user - 3.4.100.201403101646
2017-07-04 14:25:36,156 - org.eclipse.rse.efs - 2.1.401.201507172212
2017-07-04 14:25:36,171 - org.eclipse.rse.efs.ui - 2.1.400.201403100950
2017-07-04 14:25:36,171 - org.eclipse.rse.importexport - 1.2.300.201403100950
2017-07-04 14:25:36,171 - org.eclipse.rse.files.ui - 3.2.200.201507172213
2017-07-04 14:25:36,171 - org.eclipse.rse.processes.ui - 3.0.400.201403100950
2017-07-04 14:25:36,171 - org.eclipse.rse.services - 3.3.0.201506120731
2017-07-04 14:25:36,171 - org.eclipse.rse.shells.ui - 3.0.500.201403271554
2017-07-04 14:25:36,171 - org.eclipse.rse.subsystems.files.core - 3.3.1.201403100950
2017-07-04 14:25:36,171 - org.eclipse.rse.subsystems.processes.core - 3.1.300.201403100950
2017-07-04 14:25:36,171 - org.eclipse.rse.subsystems.processes.shell.linux - 1.1.400.201403100950
2017-07-04 14:25:36,171 - org.eclipse.rse.subsystems.shells.core - 3.1.300.201403271554
2017-07-04 14:25:36,171 - org.eclipse.rse.ui - 3.3.300.201610252046
2017-07-04 14:25:36,171 - org.eclipse.mylyn.context.core - 3.22.0.v20161011-2234
2017-07-04 14:25:36,171 - org.eclipse.mylyn.context.ui - 3.22.0.v20161024-1635
2017-07-04 14:25:36,187 - org.eclipse.mylyn.resources.ui - 3.22.0.v20161011-2234
2017-07-04 14:25:36,187 - org.eclipse.mylyn.context.tasks.ui - 3.22.0.v20170207-0918
2017-07-04 14:25:36,187 - org.eclipse.emf.databinding - 1.3.0.v20170313-0823
2017-07-04 14:25:36,187 - org.eclipse.datatools.connectivity.sqm.core.ui - 1.4.0.201701131441
2017-07-04 14:25:36,187 - org.eclipse.datatools.connectivity.sqm.core - 1.4.0.201701131441
2017-07-04 14:25:36,187 - org.eclipse.datatools.connectivity.sqm.server.ui - 1.3.0.201701131441
2017-07-04 14:25:36,187 - org.eclipse.datatools.connectivity.ui.dse - 1.3.0.201701131441
2017-07-04 14:25:36,187 - org.eclipse.datatools.connectivity.ui - 1.4.0.201701131441
2017-07-04 14:25:36,187 - org.eclipse.datatools.connectivity - 1.14.0.201701131441
2017-07-04 14:25:36,187 - org.eclipse.datatools.help - 1.7.0.201701131441
2017-07-04 14:25:36,187 - org.eclipse.datatools.connectivity.console.profile - 1.2.0.201701131441
2017-07-04 14:25:36,202 - org.eclipse.oomph.setup - 1.7.0.v20170224-1311
2017-07-04 14:25:36,202 - org.eclipse.oomph.setup.edit - 1.7.0.v20170104-1401
2017-07-04 14:25:36,202 - org.eclipse.oomph.setup.core - 1.7.0.v20170301-0747
2017-07-04 14:25:36,202 - org.eclipse.oomph.setup.sync - 1.7.0.v20170201-1631
2017-07-04 14:25:36,202 - org.eclipse.oomph.setup.p2 - 1.7.0.v20170217-1051
2017-07-04 14:25:36,202 - org.eclipse.oomph.setup.p2.edit - 1.7.0.v20161230-1057
2017-07-04 14:25:36,234 - org.eclipse.oomph.preferences - 1.7.0.v20170104-1401
2017-07-04 14:25:36,234 - org.eclipse.oomph.jreinfo - 1.7.0.v20170201-1645
2017-07-04 14:25:36,234 - org.eclipse.oomph.jreinfo.win32.x86_64 - 1.2.0.v20160426-0508
2017-07-04 14:25:36,234 - org.eclipse.oomph.extractor.lib - 1.3.0.v20161116-0647
2017-07-04 14:25:36,234 - org.apache.commons.logging - 1.1.1.v201101211721
2017-07-04 14:25:36,234 - org.apache.commons.codec - 1.9.0.v20170208-1614
2017-07-04 14:25:36,234 - org.apache.httpcomponents.httpclient - 4.5.2.v20170210-0925
2017-07-04 14:25:36,234 - org.apache.httpcomponents.httpcore - 4.4.6.v20170210-0925
2017-07-04 14:25:36,234 - org.eclipse.userstorage - 1.0.1.v20170201-1648
2017-07-04 14:25:36,234 - org.eclipse.userstorage.ui - 1.0.1.v20170201-1648
