2017-07-04 14:25:36,234 [Worker-1] DEBUG class java.lang.Class - Starting Andmore Common Plugin...
2017-07-04 14:25:36,234 [Worker-1] DEBUG class java.lang.Class - Andmore Common Plugin started.
2017-07-04 14:25:36,234 [Worker-1] DEBUG class java.lang.Class - Starting Andmore Plugin...
2017-07-04 14:25:36,249 [Worker-1] DEBUG class java.lang.Class - Andmore Plugin started.
2017-07-04 14:25:36,327 [Worker-1] DEBUG class java.lang.Class - Starting Andmore Emulator Plugin...
2017-07-04 14:25:36,437 [Worker-1] DEBUG class java.lang.Class - Andmore Emulator Plugin started.
2017-07-04 14:25:36,476 [Worker-1] DEBUG class java.lang.Class - Starting Andmore Device Services Plugin...
2017-07-04 14:25:36,476 [Worker-1] DEBUG class java.lang.Class - Andmore Device Services Plugin started.
2017-07-04 14:25:36,495 [Worker-1] DEBUG class java.lang.Class - Starting Andmore Handset Plugin...
2017-07-04 14:25:36,563 [Worker-1] DEBUG class java.lang.Class - Andmore Handset Plugin started.
2017-07-04 14:25:36,572 [Worker-1] DEBUG class java.lang.Class - Starting Andmore Remote Device Plugin...
2017-07-04 14:25:36,576 [Worker-1] DEBUG class java.lang.Class - Starting Andmore Remote Device Plugin started.
2017-07-04 14:25:36,605 [Worker-1] ERROR Studio for Android - Handler could not be instanced(PLUGIN=org.eclipse.sequoyah.device.framework;ERROR=202)
2017-07-04 14:25:36,606 [Worker-1] ERROR Studio for Android - Handler could not be instanced(PLUGIN=org.eclipse.sequoyah.device.framework;ERROR=202)
2017-07-04 14:25:36,606 [Worker-1] ERROR Studio for Android - Handler could not be instanced(PLUGIN=org.eclipse.sequoyah.device.framework;ERROR=202)
2017-07-04 14:25:36,606 [Worker-1] ERROR Studio for Android - Handler could not be instanced(PLUGIN=org.eclipse.sequoyah.device.framework;ERROR=202)
2017-07-04 14:25:36,606 [Worker-1] ERROR Studio for Android - Handler could not be instanced(PLUGIN=org.eclipse.sequoyah.device.framework;ERROR=202)
2017-07-04 14:25:36,606 [Worker-1] ERROR Studio for Android - Handler could not be instanced(PLUGIN=org.eclipse.sequoyah.device.framework;ERROR=202)
2017-07-04 14:25:36,607 [Worker-1] ERROR Studio for Android - Handler could not be instanced(PLUGIN=org.eclipse.sequoyah.device.framework;ERROR=202)
2017-07-04 14:25:36,607 [Worker-1] ERROR Studio for Android - Handler could not be instanced(PLUGIN=org.eclipse.sequoyah.device.framework;ERROR=202)
2017-07-04 14:25:36,607 [Worker-1] ERROR Studio for Android - Handler could not be instanced(PLUGIN=org.eclipse.sequoyah.device.framework;ERROR=202)
2017-07-04 14:25:36,607 [Worker-1] ERROR Studio for Android - Handler could not be instanced(PLUGIN=org.eclipse.sequoyah.device.framework;ERROR=202)
2017-07-04 14:25:36,607 [Worker-1] ERROR Studio for Android - Handler could not be instanced(PLUGIN=org.eclipse.sequoyah.device.framework;ERROR=202)
2017-07-04 14:25:36,607 [Worker-1] ERROR Studio for Android - Handler could not be instanced(PLUGIN=org.eclipse.sequoyah.device.framework;ERROR=202)
2017-07-04 14:25:36,607 [Worker-1] ERROR Studio for Android - Handler could not be instanced(PLUGIN=org.eclipse.sequoyah.device.framework;ERROR=202)
2017-07-04 14:25:36,607 [Worker-1] ERROR Studio for Android - Handler could not be instanced(PLUGIN=org.eclipse.sequoyah.device.framework;ERROR=202)
2017-07-04 14:25:36,608 [Worker-1] ERROR Studio for Android - Handler could not be instanced(PLUGIN=org.eclipse.sequoyah.device.framework;ERROR=202)
2017-07-04 14:25:36,608 [Worker-1] ERROR Studio for Android - Handler could not be instanced(PLUGIN=org.eclipse.sequoyah.device.framework;ERROR=202)
2017-07-04 14:25:36,608 [Worker-1] ERROR Studio for Android - Handler could not be instanced(PLUGIN=org.eclipse.sequoyah.device.framework;ERROR=202)
2017-07-04 14:25:36,608 [Worker-1] ERROR Studio for Android - Handler could not be instanced(PLUGIN=org.eclipse.sequoyah.device.framework;ERROR=202)
2017-07-04 14:25:36,608 [Worker-1] ERROR Studio for Android - Handler could not be instanced(PLUGIN=org.eclipse.sequoyah.device.framework;ERROR=202)
2017-07-04 14:25:36,608 [Worker-1] ERROR Studio for Android - Handler could not be instanced(PLUGIN=org.eclipse.sequoyah.device.framework;ERROR=202)
2017-07-04 14:25:36,608 [Worker-1] ERROR Studio for Android - Handler could not be instanced(PLUGIN=org.eclipse.sequoyah.device.framework;ERROR=202)
2017-07-04 14:25:36,609 [Worker-1] ERROR Studio for Android - Handler could not be instanced(PLUGIN=org.eclipse.sequoyah.device.framework;ERROR=202)
2017-07-04 14:25:36,609 [Worker-1] ERROR Studio for Android - Handler could not be instanced(PLUGIN=org.eclipse.sequoyah.device.framework;ERROR=202)
2017-07-04 14:25:36,609 [Worker-1] ERROR Studio for Android - Handler could not be instanced(PLUGIN=org.eclipse.sequoyah.device.framework;ERROR=202)
2017-07-04 14:25:36,609 [Worker-1] ERROR Studio for Android - Handler could not be instanced(PLUGIN=org.eclipse.sequoyah.device.framework;ERROR=202)
2017-07-04 14:25:36,609 [Worker-1] ERROR Studio for Android - Handler could not be instanced(PLUGIN=org.eclipse.sequoyah.device.framework;ERROR=202)
2017-07-04 14:25:36,609 [Worker-1] ERROR Studio for Android - Handler could not be instanced(PLUGIN=org.eclipse.sequoyah.device.framework;ERROR=202)
2017-07-04 14:25:36,609 [Worker-1] ERROR Studio for Android - Handler could not be instanced(PLUGIN=org.eclipse.sequoyah.device.framework;ERROR=202)
2017-07-04 14:25:36,609 [Worker-1] ERROR Studio for Android - Handler could not be instanced(PLUGIN=org.eclipse.sequoyah.device.framework;ERROR=202)
2017-07-04 14:25:36,609 [Worker-1] ERROR Studio for Android - Handler could not be instanced(PLUGIN=org.eclipse.sequoyah.device.framework;ERROR=202)
2017-07-04 14:25:36,610 [Worker-1] INFO  Studio for Android - [Status: id=org.eclipse.andmore.android.emulator.status.offline;name=Offline]
2017-07-04 14:25:36,610 [Worker-1] INFO  Studio for Android - [Status: id=org.eclipse.andmore.android.handset.status.handsetonline;name=Online]
2017-07-04 14:25:36,610 [Worker-1] INFO  Studio for Android - [Status: id=INACTIVE;name=INACTIVE]
2017-07-04 14:25:36,610 [Worker-1] INFO  Studio for Android - [Status: id=org.eclipse.andmore.android.emulator.status.notavailable;name=Not available]
2017-07-04 14:25:36,610 [Worker-1] INFO  Studio for Android - [Status: id=IDLE;name=IDLE]
2017-07-04 14:25:36,610 [Worker-1] INFO  Studio for Android - [Status: id=org.eclipse.andmore.android.remote.status.connected;name=Connected]
2017-07-04 14:25:36,610 [Worker-1] INFO  Studio for Android - [Status: id=org.eclipse.andmore.android.remote.status.disconnected;name=Disconnected]
2017-07-04 14:25:36,610 [Worker-1] INFO  Studio for Android - [Status: id=org.eclipse.andmore.android.emulator.status.online;name=Online]
2017-07-04 14:25:36,610 [Worker-1] INFO  Studio for Android - [Status: id=OFF;name=OFF]
2017-07-04 14:25:36,610 [Worker-1] INFO  Studio for Android - [Status: id=org.eclipse.andmore.android.emulator.status.offlineNoData;name=Offline (no user data)]
2017-07-04 14:28:49,548 [main] DEBUG class java.lang.Class - Starting Eclipse Andmore Database Core Plugin...
2017-07-04 14:28:49,579 [main] DEBUG Studio for Android - JDBC Driver Location:bundleentry://531.fwk1434932926/res/androidjdbc.jar JDBC Driver getBundle().getLocation():reference:file:plugins/org.eclipse.andmore.android.common_0.5.0.201605181018.jar
2017-07-04 14:28:49,579 [main] DEBUG Studio for Android - JDBC Driver Path:D:\downloads\eclipse-cpp-oxygen-M6-win32-x86_64\eclipse\configuration\org.eclipse.osgi\531\0\.cp\res\androidjdbc.jar
2017-07-04 14:28:49,579 [main] DEBUG Studio for Android - JDBC Driver Location:bundleentry://531.fwk1434932926/res/androidjdbc.jar JDBC Driver getBundle().getLocation():reference:file:plugins/org.eclipse.andmore.android.common_0.5.0.201605181018.jar
2017-07-04 14:28:49,579 [main] DEBUG Studio for Android - JDBC Driver Path:D:\downloads\eclipse-cpp-oxygen-M6-win32-x86_64\eclipse\configuration\org.eclipse.osgi\531\0\.cp\res\androidjdbc.jar
2017-07-04 14:28:49,595 [main] INFO  Studio for Android - Created a JDBC driver instance at Data Tools.
2017-07-04 14:28:49,611 [main] DEBUG class java.lang.Class - Eclipse Andmore Database Core Plugin started.
2017-07-04 14:28:49,611 [main] DEBUG class java.lang.Class - Starting Eclipse Andmore Database Devices Support Plugin...
2017-07-04 14:28:49,611 [main] DEBUG class java.lang.Class - Eclipse Andmore Database Devices Support Plugin started...
2017-07-04 14:28:50,625 [Framework stop] DEBUG Studio for Android - org.eclipse.sequoyah.device.service.start.StartServicePlugin-SHUTDOWN
2017-07-04 14:28:50,687 [Framework stop] DEBUG Studio for Android - org.eclipse.sequoyah.device.framework.ui.DeviceUIPlugin-SHUTDOWN
2017-07-04 14:28:50,687 [Framework stop] DEBUG Studio for Android - org.eclipse.sequoyah.device.service.stop.StopServicePlugin-SHUTDOWN
2017-07-04 14:28:50,687 [Framework stop] DEBUG Studio for Android - org.eclipse.sequoyah.device.framework.DevicePlugin-SHUTDOWN
