16:45:13 **** Incremental Build of configuration Debug for project 4digitcount ****
make all 
'Building file: ../src/4digitcount.c'
'Invoking: Cross GCC Compiler'
arm-linux-gnueabihf-gcc -O0 -g3 -Wall -c -fmessage-length=0 -lm -MMD -MP -MF"src/4digitcount.d" -MT"src/4digitcount.o" -o "src/4digitcount.o" "../src/4digitcount.c"
../src/4digitcount.c: In function 'get_time_in_ms':
../src/4digitcount.c:392:21: warning: variable 's' set but not used [-Wunused-but-set-variable]
     time_t          s;  // Seconds
                     ^
../src/4digitcount.c: In function 'start_upcounting':
../src/4digitcount.c:408:14: warning: variable 'old_ms' set but not used [-Wunused-but-set-variable]
     uint32_t old_ms;
              ^~~~~~
'Finished building: ../src/4digitcount.c'
' '
'Building target: 4digitcount'
'Invoking: Cross GCC Linker'
arm-linux-gnueabihf-gcc -lm -o "4digitcount"  ./src/4digitcount.o   
'Finished building target: 4digitcount'
' '
